 126290 pid=16122&cid=BY51&crid=300p&ais=PAN
 970792 pid=16122&cid=BY51&crid=300x600&ais=PAN
      2 pid=16122&cid=E929&crid=300v2&ais=AdC
     23 pid=16122&cid=E929&crid=728v6&ais=AdC
     14 pid=16122&cid=F508&crid=300v2&ais=AdC
     16 pid=16122&cid=F508&crid=300v2&ais=AdX
 331342 pid=16122&cid=F50B&crid=300v2&ais=AdC
      8 pid=16122&cid=F50B&crid=300v2&ais=AdX
 186777 pid=16122&cid=F50B&crid=300v2&ais=OX
 336009 pid=16122&cid=F50B&crid=728v2&ais=AdC
 214441 pid=16122&cid=F50B&crid=728v2&ais=AdX
 281433 pid=16122&cid=F50B&crid=728v2&ais=OX
  35508 pid=16122&cid=UCCO&crid=300v5&ais=AdC
 823632 pid=16122&cid=UCCO&crid=300v5&ais=AdX
   5513 pid=16122&cid=UCCO&crid=300v5&ais=OX
  47381 pid=16122&cid=UCCO&crid=728v5&ais=AdC
 813772 pid=16122&cid=UCCO&crid=728v5&ais=AdX
   8701 pid=16122&cid=UCCO&crid=728v5&ais=OX
      1 pid=16122&cid=ZT4R&crid=728v5&ais=AdC
      3 pid=16122&cid=ZT4R&crid=728v8&ais=AdX
     39 pid=18182&cid=8LM7&crid=160bs&ais=AdC
     32 pid=18182&cid=8LM7&crid=300bs&ais=AdC
      1 pid=18182&cid=8LM7&crid=300bs&ais=AdX
     58 pid=18182&cid=8LM7&crid=300ew&ais=AdC
     54 pid=18182&cid=8LM7&crid=728bs&ais=AdC
     38 pid=18182&cid=8LM7&crid=728bs&ais=AdX
     21 pid=18182&cid=8LM7&crid=728ew&ais=AdC
     76 pid=18182&cid=D8JD&crid=160bs&ais=AdC
     94 pid=18182&cid=D8JD&crid=160ew&ais=AdC
     76 pid=18182&cid=D8JD&crid=300bs&ais=AdC
     76 pid=18182&cid=D8JD&crid=300ew&ais=AdC
     99 pid=18182&cid=D8JD&crid=728bs&ais=AdC
     87 pid=18182&cid=D8JD&crid=728ew&ais=AdC
